epoch,loss,validation loss
1, 5.4389
2, 5.3356
3, 5.2901
4, 5.2621
5, 5.2414
6, 5.2182
7, 5.1976
8, 5.1848
9, 5.1675
10, 5.1530
11, 5.1429
12, 5.1323
13, 5.1189
14, 5.1048
15, 5.0950
16, 5.0833
17, 5.0702
18, 5.0598
19, 5.0490
20, 5.0401
21, 5.0314
22, 5.0236
23, 5.0140
24, 5.0058
25, 5.0113
26, 5.0015
27, 4.9903
28, 4.9826
29, 4.9761
30, 5.0136
31, 5.0011
32, 5.0113
33, 4.9895
34, 5.0078
35, 4.9798
36, 4.9614
37, 4.9701
38, 4.9626
39, 4.9498
40, 4.9481
41, 4.9398
42, 4.9429
43, 4.9430
44, 4.9295
45, 4.9323
46, 4.9364
47, 4.9171
48, 4.9163
49, 4.9120
50, 4.9093, 0.0708
51, 4.9065
52, 4.8978
53, 4.8992
54, 4.8973
55, 4.8904
56, 4.8905
57, 4.8875
58, 4.8815
59, 4.8801
60, 4.8810
61, 4.8743
62, 4.8754
63, 4.8745
64, 4.8702
65, 4.8659
66, 4.8656
67, 4.8656
68, 4.8609
69, 4.8547
70, 4.8576
71, 4.8535
72, 4.8479
73, 4.8453
74, 4.8436
75, 4.8422
76, 4.8408
77, 4.8417
78, 4.8359
79, 4.8359
80, 4.8314
81, 4.8377
82, 4.8288
83, 4.8242
84, 4.8217
85, 4.8200
86, 4.8222
87, 4.8203
88, 4.8153
89, 4.8195
90, 4.8123
91, 4.8129
92, 4.8061
93, 4.8065
94, 4.8047
95, 4.8028
96, 4.8070
97, 4.8074
98, 4.7976
99, 4.7968
100, 4.7977, 0.1325
101, 4.7931
102, 4.7867
103, 4.7851
104, 4.7886
105, 4.7887
106, 4.7816
107, 4.7782
108, 4.7801
109, 4.7755
110, 4.7721
111, 4.7727
112, 4.7725
113, 4.7727
114, 4.7708
115, 4.7637
116, 4.7726
117, 4.7630
118, 4.7613
119, 4.7583
120, 4.7688
121, 4.7575
122, 4.7580
123, 4.7581
124, 4.7511
125, 4.7508
126, 4.7514
127, 4.7440
128, 4.7486
129, 4.7423
130, 4.7414
131, 4.7442
132, 4.7483
133, 4.7439
134, 4.7415
135, 4.7445
136, 4.7403
137, 4.7426
138, 4.7347
139, 4.7321
140, 4.7305
141, 4.7298
142, 4.7313
143, 4.7348
144, 4.7274
145, 4.7284
146, 4.7270
147, 4.7235
148, 4.7213
149, 4.7192
150, 4.7182, 0.2005
151, 4.7183
152, 4.7170
153, 4.7191
154, 4.7102
155, 4.7166
156, 4.7098
157, 4.7106
158, 4.7161
159, 4.7079
160, 4.7076
161, 4.7090
162, 4.7070
163, 4.7132
164, 4.7065
165, 4.7074
166, 4.7080
167, 4.7061
168, 4.7048
169, 4.7019
170, 4.6990
171, 4.7004
172, 4.6963
173, 4.7010
174, 4.6995
175, 4.6955
176, 4.6982
177, 4.6906
178, 4.6913
179, 4.6889
180, 4.6929
181, 4.6873
182, 4.6866
183, 4.6888
184, 4.6946
185, 4.6864
186, 4.6845
187, 4.6844
188, 4.6824
189, 4.6816
190, 4.6804
191, 4.6791
192, 4.6813
193, 4.6775
194, 4.6806
195, 4.6774
196, 4.6801
197, 4.6765
198, 4.6768
199, 4.6754
200, 4.6725, 0.2507
201, 4.6724
202, 4.6682
203, 4.6638
204, 4.6648
205, 4.6697
206, 4.6706
207, 4.6663
208, 4.6617
209, 4.6605
210, 4.6611
211, 4.6580
212, 4.6575
213, 4.6597
214, 4.6555
215, 4.6549
216, 4.6583
217, 4.6563
218, 4.6530
219, 4.6561
220, 4.6521
221, 4.6583
222, 4.6505
223, 4.6528
224, 4.6473
225, 4.6500
226, 4.6453
227, 4.6459
228, 4.6525
229, 4.6559
230, 4.6504
231, 4.6491
232, 4.6448
233, 4.6466
234, 4.6412
235, 4.6444
236, 4.6420
237, 4.6413
238, 4.6410
239, 4.6404
240, 4.6377
241, 4.6402
242, 4.6393
243, 4.6388
244, 4.6378
245, 4.6382
246, 4.6368
247, 4.6357
248, 4.6343
249, 4.6324
250, 4.6317, 0.3205
251, 4.6327
252, 4.6321
253, 4.6307
254, 4.6290
255, 4.6342
256, 4.6313
257, 4.6289
258, 4.6252
259, 4.6338
260, 4.6296
261, 4.6288
262, 4.6291
263, 4.6423
264, 4.6353
265, 4.6292
266, 4.6255
267, 4.6247
268, 4.6235
269, 4.6281
270, 4.6253
271, 4.6244
272, 4.6248
273, 4.6236
274, 4.6291
275, 4.6242
276, 4.6194
277, 4.6197
278, 4.6215
279, 4.6214
280, 4.6188
281, 4.6210
282, 4.6173
283, 4.6161
284, 4.6204
285, 4.6131
286, 4.6178
287, 4.6170
288, 4.6159
289, 4.6158
290, 4.6151
291, 4.6157
292, 4.6140
293, 4.6136
294, 4.6201
295, 4.6171
296, 4.6145
297, 4.6169
298, 4.6099
299, 4.6098
300, 4.6075, 0.3612
301, 4.6098
302, 4.6067
303, 4.6038
304, 4.6029
305, 4.6069
306, 4.6055
307, 4.6048
308, 4.6005
309, 4.5999
310, 4.6040
311, 4.5999
312, 4.5996
313, 4.6005
314, 4.5995
315, 4.6012
316, 4.5998
317, 4.5978
318, 4.5992
319, 4.5972
320, 4.6035
321, 4.5998
322, 4.5996
323, 4.6030
324, 4.6011
325, 4.6007
326, 4.6033
327, 4.5967
328, 4.5990
329, 4.5953
330, 4.5958
331, 4.5982
332, 4.5972
333, 4.5948
334, 4.5981
335, 4.5946
336, 4.5930
337, 4.5933
338, 4.5915
339, 4.5937
340, 4.5904
341, 4.5912
342, 4.5946
343, 4.5897
344, 4.5919
345, 4.5911
346, 4.5888
347, 4.5930
348, 4.5893
349, 4.5894
350, 4.5935, 0.4124
351, 4.5915
352, 4.5928
353, 4.5917
354, 4.5914
355, 4.5905
356, 4.5863
357, 4.5850
358, 4.5874
359, 4.5852
360, 4.5835
361, 4.5850
362, 4.5861
363, 4.5911
364, 4.5877
365, 4.5835
366, 4.5817
367, 4.5824
368, 4.5819
369, 4.5813
370, 4.5826
371, 4.5804
372, 4.5823
373, 4.5832
374, 4.5828
375, 4.5813
376, 4.5893
377, 4.5817
378, 4.5858
379, 4.5809
380, 4.5797
381, 4.5809
382, 4.5790
383, 4.5806
384, 4.5790
385, 4.5800
386, 4.5778
387, 4.5796
388, 4.5853
389, 4.5850
390, 4.5807
391, 4.5789
392, 4.5805
393, 4.5772
394, 4.5806
395, 4.5832
396, 4.5805
397, 4.5778
398, 4.5789
399, 4.5796
400, 4.5778, 0.4483
401, 4.5765
402, 4.5737
403, 4.5759
404, 4.5738
405, 4.5712
406, 4.5713
407, 4.5727
408, 4.5712
409, 4.5728
410, 4.5722
411, 4.5732
412, 4.5759
413, 4.5705
414, 4.5699
415, 4.5734
416, 4.5707
417, 4.5737
418, 4.5734
419, 4.5725
420, 4.5782
421, 4.5695
422, 4.5684
423, 4.5690
424, 4.5661
425, 4.5707
426, 4.5691
427, 4.5699
428, 4.5706
429, 4.5663
430, 4.5697
431, 4.5703
432, 4.5704
433, 4.5667
434, 4.5675
435, 4.5676
436, 4.5651
437, 4.5666
438, 4.5661
439, 4.5663
440, 4.5667
441, 4.5679
442, 4.5654
443, 4.5656
444, 4.5662
445, 4.5655
446, 4.5642
447, 4.5660
448, 4.5661
449, 4.5616
450, 4.5632, 0.4634
451, 4.5648
452, 4.5681
453, 4.5646
454, 4.5632
455, 4.5652
456, 4.5663
457, 4.5679
458, 4.5638
459, 4.5631
460, 4.5628
461, 4.5632
462, 4.5616
463, 4.5625
464, 4.5661
465, 4.5632
466, 4.5629
467, 4.5609
468, 4.5639
469, 4.5608
470, 4.5609
471, 4.5586
472, 4.5629
473, 4.5617
474, 4.5608
475, 4.5623
476, 4.5622
477, 4.5586
478, 4.5607
479, 4.5607
480, 4.5618
481, 4.5604
482, 4.5640
483, 4.5636
484, 4.5598
485, 4.5576
486, 4.5586
487, 4.5593
488, 4.5618
489, 4.5596
490, 4.5620
491, 4.5587
492, 4.5628
493, 4.5574
494, 4.5595
495, 4.5631
496, 4.5596
497, 4.5580
498, 4.5584
499, 4.5598
500, 4.5579, 0.4809
501, 4.5546
502, 4.5564
503, 4.5540
504, 4.5523
505, 4.5535
506, 4.5525
507, 4.5526
508, 4.5559
509, 4.5527
510, 4.5553
511, 4.5522
512, 4.5553
513, 4.5550
514, 4.5528
515, 4.5580
516, 4.5517
517, 4.5520
518, 4.5517
519, 4.5488
520, 4.5522
521, 4.5515
522, 4.5527
523, 4.5514
524, 4.5511
525, 4.5518
526, 4.5511
527, 4.5514
528, 4.5525
529, 4.5527
530, 4.5508
531, 4.5519
532, 4.5562
533, 4.5516
534, 4.5523
535, 4.5507
536, 4.5497
537, 4.5504
538, 4.5493
539, 4.5470
540, 4.5471
541, 4.5501
542, 4.5529
543, 4.5485
544, 4.5514
545, 4.5529
546, 4.5513
547, 4.5482
548, 4.5532
549, 4.5527
550, 4.5502, 0.5113
551, 4.5480
552, 4.5491
553, 4.5504
554, 4.5492
555, 4.5489
556, 4.5492
557, 4.5488
558, 4.5469
559, 4.5459
560, 4.5473
561, 4.5450
562, 4.5487
563, 4.5482
564, 4.5452
565, 4.5482
566, 4.5452
567, 4.5466
568, 4.5454
569, 4.5464
570, 4.5475
571, 4.5504
572, 4.5479
573, 4.5476
574, 4.5495
575, 4.5472
576, 4.5480
577, 4.5471
578, 4.5477
579, 4.5460
580, 4.5442
581, 4.5457
582, 4.5460
583, 4.5497
584, 4.5446
585, 4.5445
586, 4.5476
587, 4.5466
588, 4.5492
589, 4.5472
590, 4.5483
591, 4.5445
592, 4.5453
593, 4.5443
594, 4.5450
595, 4.5432
596, 4.5430
597, 4.5430
598, 4.5423
599, 4.5431
600, 4.5462, 0.5252
601, 4.5451
602, 4.5457
603, 4.5464
604, 4.5502
605, 4.5436
606, 4.5438
607, 4.5435
608, 4.5462
609, 4.5419
610, 4.5418
611, 4.5423
612, 4.5428
613, 4.5436
614, 4.5420
615, 4.5409
616, 4.5423
617, 4.5414
618, 4.5408
619, 4.5426
620, 4.5411
621, 4.5405
622, 4.5432
623, 4.5425
624, 4.5420
625, 4.5432
626, 4.5391
627, 4.5385
628, 4.5394
629, 4.5405
630, 4.5416
631, 4.5426
632, 4.5432
633, 4.5414
634, 4.5409
635, 4.5410
636, 4.5406
637, 4.5385
638, 4.5423
639, 4.5411
640, 4.5404
641, 4.5376
642, 4.5382
643, 4.5381
644, 4.5393
645, 4.5419
646, 4.5408
647, 4.5419
648, 4.5384
649, 4.5414
650, 4.5399, 0.5465
651, 4.5381
652, 4.5392
653, 4.5373
654, 4.5369
655, 4.5364
656, 4.5362
657, 4.5365
658, 4.5384
659, 4.5396
660, 4.5372
661, 4.5379
662, 4.5385
663, 4.5382
664, 4.5394
665, 4.5362
666, 4.5385
667, 4.5375
668, 4.5355
669, 4.5386
670, 4.5408
671, 4.5406
672, 4.5393
673, 4.5390
674, 4.5374
675, 4.5371
676, 4.5365
677, 4.5380
678, 4.5385
679, 4.5372
680, 4.5371
681, 4.5381
682, 4.5363
683, 4.5391
684, 4.5363
685, 4.5384
686, 4.5341
687, 4.5360
688, 4.5370
689, 4.5374
690, 4.5364
691, 4.5373
692, 4.5375
693, 4.5347
694, 4.5356
695, 4.5361
696, 4.5363
697, 4.5369
698, 4.5379
699, 4.5345
700, 4.5359, 0.5481
701, 4.5367
702, 4.5344
703, 4.5351
704, 4.5367
705, 4.5345
706, 4.5378
707, 4.5346
708, 4.5376
709, 4.5348
710, 4.5342
711, 4.5348
712, 4.5321
713, 4.5358
714, 4.5348
715, 4.5344
716, 4.5348
717, 4.5335
718, 4.5328
719, 4.5334
720, 4.5335
721, 4.5330
722, 4.5316
723, 4.5327
724, 4.5356
725, 4.5342
726, 4.5350
727, 4.5341
728, 4.5334
729, 4.5324
730, 4.5311
731, 4.5331
732, 4.5368
733, 4.5338
734, 4.5320
735, 4.5331
736, 4.5321
737, 4.5362
738, 4.5331
739, 4.5351
740, 4.5344
741, 4.5359
742, 4.5333
743, 4.5341
744, 4.5322
745, 4.5353
746, 4.5338
747, 4.5324
748, 4.5323
749, 4.5317
750, 4.5341, 0.5656
751, 4.5321
752, 4.5339
753, 4.5336
754, 4.5318
755, 4.5328
756, 4.5313
757, 4.5310
758, 4.5334
759, 4.5306
760, 4.5314
761, 4.5328
762, 4.5317
763, 4.5303
764, 4.5334
765, 4.5330
766, 4.5314
767, 4.5315
768, 4.5316
769, 4.5301
770, 4.5303
771, 4.5319
772, 4.5306
773, 4.5316
774, 4.5296
775, 4.5296
776, 4.5302
777, 4.5296
778, 4.5300
779, 4.5298
780, 4.5304
781, 4.5295
782, 4.5326
783, 4.5303
784, 4.5315
785, 4.5308
786, 4.5288
787, 4.5296
788, 4.5282
789, 4.5300
790, 4.5288
791, 4.5307
792, 4.5301
793, 4.5297
794, 4.5296
795, 4.5294
796, 4.5282
797, 4.5283
798, 4.5288
799, 4.5303
800, 4.5286, 0.5721
801, 4.5285
802, 4.5272
803, 4.5280
804, 4.5274
805, 4.5278
806, 4.5278
807, 4.5267
808, 4.5276
809, 4.5299
810, 4.5298
811, 4.5273
812, 4.5291
813, 4.5297
814, 4.5273
815, 4.5274
816, 4.5285
817, 4.5294
818, 4.5279
819, 4.5265
820, 4.5275
821, 4.5272
822, 4.5275
823, 4.5267
824, 4.5293
825, 4.5292
826, 4.5279
827, 4.5276
828, 4.5261
829, 4.5266
830, 4.5268
831, 4.5266
832, 4.5280
833, 4.5273
834, 4.5261
835, 4.5279
836, 4.5273
837, 4.5275
838, 4.5281
839, 4.5252
840, 4.5260
841, 4.5246
842, 4.5256
843, 4.5252
844, 4.5271
845, 4.5250
846, 4.5254
847, 4.5265
848, 4.5262
849, 4.5248
850, 4.5255, 0.5935
851, 4.5270
852, 4.5253
853, 4.5268
854, 4.5269
855, 4.5258
856, 4.5249
857, 4.5251
858, 4.5262
859, 4.5265
860, 4.5260
861, 4.5253
862, 4.5252
863, 4.5256
864, 4.5248
865, 4.5253
866, 4.5250
867, 4.5257
868, 4.5265
869, 4.5261
870, 4.5253
871, 4.5234
872, 4.5250
873, 4.5265
874, 4.5261
875, 4.5256
876, 4.5280
877, 4.5253
878, 4.5258
879, 4.5266
880, 4.5261
881, 4.5259
882, 4.5292
883, 4.5249
884, 4.5240
885, 4.5257
886, 4.5246
887, 4.5251
888, 4.5252
889, 4.5248
890, 4.5258
891, 4.5257
892, 4.5256
893, 4.5254
894, 4.5273
895, 4.5246
896, 4.5248
897, 4.5260
898, 4.5250
899, 4.5249
900, 4.5268, 0.5905
901, 4.5240
902, 4.5240
903, 4.5241
904, 4.5240
905, 4.5227
906, 4.5242
907, 4.5236
908, 4.5227
909, 4.5250
910, 4.5236
911, 4.5252
912, 4.5248
913, 4.5236
914, 4.5215
915, 4.5237
916, 4.5234
917, 4.5234
918, 4.5241
919, 4.5230
920, 4.5239
921, 4.5227
922, 4.5220
923, 4.5222
924, 4.5215
925, 4.5232
926, 4.5224
927, 4.5217
928, 4.5231
929, 4.5235
930, 4.5232
931, 4.5221
932, 4.5225
933, 4.5261
934, 4.5254
935, 4.5231
936, 4.5229
937, 4.5239
938, 4.5244
939, 4.5226
940, 4.5235
941, 4.5231
942, 4.5227
943, 4.5227
944, 4.5238
945, 4.5227
946, 4.5233
947, 4.5228
948, 4.5222
949, 4.5214
950, 4.5221, 0.6031
951, 4.5252
952, 4.5223
953, 4.5236
954, 4.5236
955, 4.5218
956, 4.5252
957, 4.5222
958, 4.5236
959, 4.5224
960, 4.5218
961, 4.5212
962, 4.5220
963, 4.5226
964, 4.5217
965, 4.5243
966, 4.5228
967, 4.5222
968, 4.5210
969, 4.5217
970, 4.5213
971, 4.5237
972, 4.5224
973, 4.5213
974, 4.5205
975, 4.5219
976, 4.5213
977, 4.5234
978, 4.5242
979, 4.5227
980, 4.5233
981, 4.5278
982, 4.5231
983, 4.5217
984, 4.5255
985, 4.5239
986, 4.5228
987, 4.5231
988, 4.5250
989, 4.5243
990, 4.5250
991, 4.5250
992, 4.5235
993, 4.5212
994, 4.5235
995, 4.5236
996, 4.5230
997, 4.5227
998, 4.5225
999, 4.5218
1000, 4.5230, 0.6000
1001, 4.5203
1002, 4.5219
1003, 4.5226
1004, 4.5201
1005, 4.5212
1006, 4.5218
1007, 4.5200
1008, 4.5192
1009, 4.5199
1010, 4.5202
1011, 4.5229
1012, 4.5216
1013, 4.5207
1014, 4.5226
1015, 4.5200
1016, 4.5208
1017, 4.5211
1018, 4.5196
1019, 4.5215
1020, 4.5209
1021, 4.5207
1022, 4.5202
1023, 4.5195
1024, 4.5206
1025, 4.5202
1026, 4.5207
1027, 4.5219
1028, 4.5209
1029, 4.5198
1030, 4.5212
1031, 4.5208
1032, 4.5211
1033, 4.5197
1034, 4.5225
1035, 4.5221
1036, 4.5214
1037, 4.5211
1038, 4.5205
1039, 4.5202
1040, 4.5210
1041, 4.5205
1042, 4.5218
1043, 4.5204
1044, 4.5210
1045, 4.5196
1046, 4.5209
1047, 4.5186
1048, 4.5189
1049, 4.5205
1050, 4.5208, 0.6073
1051, 4.5193
1052, 4.5194
1053, 4.5220
1054, 4.5215
1055, 4.5200
1056, 4.5208
1057, 4.5190
1058, 4.5218
1059, 4.5212
1060, 4.5206
1061, 4.5199
1062, 4.5205
1063, 4.5196
1064, 4.5191
1065, 4.5181
1066, 4.5185
1067, 4.5184
1068, 4.5203
1069, 4.5200
1070, 4.5202
1071, 4.5195
1072, 4.5179
1073, 4.5178
1074, 4.5178
1075, 4.5194
1076, 4.5198
1077, 4.5184
1078, 4.5190
1079, 4.5189
1080, 4.5184
1081, 4.5183
1082, 4.5176
1083, 4.5184
1084, 4.5178
1085, 4.5184
1086, 4.5186
1087, 4.5182
1088, 4.5181
1089, 4.5189
1090, 4.5183
1091, 4.5174
1092, 4.5178
1093, 4.5180
1094, 4.5183
1095, 4.5202
1096, 4.5214
1097, 4.5199
1098, 4.5189
1099, 4.5196
1100, 4.5198, 0.6162
1101, 4.5201
1102, 4.5192
1103, 4.5188
1104, 4.5188
1105, 4.5191
1106, 4.5184
1107, 4.5193
1108, 4.5185
1109, 4.5173
1110, 4.5181
1111, 4.5178
1112, 4.5172
1113, 4.5181
1114, 4.5186
1115, 4.5176
1116, 4.5176
1117, 4.5171
1118, 4.5172
1119, 4.5183
1120, 4.5177
1121, 4.5171
1122, 4.5167
1123, 4.5159
1124, 4.5166
1125, 4.5160
1126, 4.5169
1127, 4.5156
1128, 4.5164
1129, 4.5175
1130, 4.5182
1131, 4.5166
1132, 4.5169
1133, 4.5185
1134, 4.5177
1135, 4.5187
1136, 4.5194
1137, 4.5172
1138, 4.5180
1139, 4.5181
1140, 4.5174
1141, 4.5170
1142, 4.5184
1143, 4.5172
1144, 4.5169
1145, 4.5174
1146, 4.5190
1147, 4.5172
1148, 4.5176
1149, 4.5169
1150, 4.5168, 0.6210
1151, 4.5166
1152, 4.5167
1153, 4.5167
1154, 4.5162
1155, 4.5181
1156, 4.5199
1157, 4.5184
1158, 4.5169
1159, 4.5178
1160, 4.5174
1161, 4.5185
1162, 4.5191
1163, 4.5183
1164, 4.5183
1165, 4.5182
1166, 4.5191
1167, 4.5168
1168, 4.5178
1169, 4.5173
1170, 4.5200
1171, 4.5168
1172, 4.5165
1173, 4.5178
1174, 4.5180
1175, 4.5174
1176, 4.5176
1177, 4.5186
1178, 4.5169
1179, 4.5169
1180, 4.5173
1181, 4.5171
1182, 4.5164
1183, 4.5181
1184, 4.5166
1185, 4.5175
1186, 4.5167
1187, 4.5159
1188, 4.5152
1189, 4.5168
1190, 4.5164
1191, 4.5150
1192, 4.5149
1193, 4.5156
1194, 4.5159
1195, 4.5155
1196, 4.5151
1197, 4.5162
1198, 4.5148
1199, 4.5158
1200, 4.5154, 0.6301
1201, 4.5157
1202, 4.5166
1203, 4.5162
1204, 4.5158
1205, 4.5159
1206, 4.5184
1207, 4.5161
1208, 4.5155
1209, 4.5159
1210, 4.5146
1211, 4.5163
1212, 4.5149
1213, 4.5148
1214, 4.5162
1215, 4.5159
1216, 4.5151
1217, 4.5148
1218, 4.5140
1219, 4.5149
1220, 4.5168
1221, 4.5157
1222, 4.5153
1223, 4.5160
1224, 4.5171
1225, 4.5172
1226, 4.5186
1227, 4.5186
1228, 4.5168
1229, 4.5150
1230, 4.5146
1231, 4.5167
1232, 4.5171
1233, 4.5170
1234, 4.5155
1235, 4.5162
1236, 4.5176
1237, 4.5164
1238, 4.5154
1239, 4.5158
1240, 4.5184
1241, 4.5164
1242, 4.5149
1243, 4.5139
1244, 4.5156
1245, 4.5170
1246, 4.5155
1247, 4.5152
1248, 4.5154
1249, 4.5174
1250, 4.5171, 0.6225
1251, 4.5152
1252, 4.5164
1253, 4.5167
1254, 4.5173
1255, 4.5163
1256, 4.5157
1257, 4.5163
1258, 4.5149
1259, 4.5145
1260, 4.5147
1261, 4.5140
1262, 4.5147
1263, 4.5154
1264, 4.5142
1265, 4.5144
1266, 4.5156
1267, 4.5148
1268, 4.5153
1269, 4.5150
1270, 4.5174
1271, 4.5183
1272, 4.5173
1273, 4.5158
1274, 4.5145
1275, 4.5151
1276, 4.5164
1277, 4.5158
1278, 4.5158
1279, 4.5164
1280, 4.5148
1281, 4.5168
1282, 4.5158
1283, 4.5160
1284, 4.5139
1285, 4.5144
1286, 4.5143
1287, 4.5147
1288, 4.5159
1289, 4.5143
1290, 4.5174
1291, 4.5160
1292, 4.5154
1293, 4.5152
1294, 4.5150
1295, 4.5154
1296, 4.5159
1297, 4.5152
1298, 4.5138
1299, 4.5147
1300, 4.5141, 0.6320
1301, 4.5144
1302, 4.5140
1303, 4.5133
1304, 4.5144
1305, 4.5158
1306, 4.5151
1307, 4.5145
1308, 4.5147
1309, 4.5157
1310, 4.5147
1311, 4.5141
1312, 4.5150
1313, 4.5151
1314, 4.5145
1315, 4.5134
1316, 4.5142
1317, 4.5145
1318, 4.5137
1319, 4.5138
1320, 4.5134
1321, 4.5135
1322, 4.5132
1323, 4.5129
1324, 4.5135
1325, 4.5143
1326, 4.5136
1327, 4.5136
1328, 4.5143
1329, 4.5151
1330, 4.5163
1331, 4.5145
1332, 4.5151
1333, 4.5142
1334, 4.5145
1335, 4.5158
1336, 4.5138
1337, 4.5140
1338, 4.5145
1339, 4.5138
1340, 4.5149
1341, 4.5159
1342, 4.5155
1343, 4.5127
1344, 4.5144
1345, 4.5155
1346, 4.5149
1347, 4.5154
1348, 4.5155
1349, 4.5150
1350, 4.5136, 0.6313
1351, 4.5144
1352, 4.5134
1353, 4.5137
1354, 4.5143
1355, 4.5139
1356, 4.5144
1357, 4.5144
1358, 4.5151
1359, 4.5144
1360, 4.5133
1361, 4.5145
1362, 4.5144
1363, 4.5147
1364, 4.5138
1365, 4.5149
1366, 4.5142
1367, 4.5152
1368, 4.5147
1369, 4.5133
1370, 4.5137
1371, 4.5132
1372, 4.5142
1373, 4.5145
1374, 4.5136
1375, 4.5137
1376, 4.5137
1377, 4.5131
1378, 4.5138
1379, 4.5143
1380, 4.5139
1381, 4.5139
1382, 4.5146
1383, 4.5143
1384, 4.5136
1385, 4.5144
1386, 4.5127
1387, 4.5129
1388, 4.5127
1389, 4.5133
1390, 4.5146
1391, 4.5159
1392, 4.5141
1393, 4.5131
1394, 4.5129
1395, 4.5123
1396, 4.5134
1397, 4.5132
1398, 4.5130
1399, 4.5137
1400, 4.5144, 0.6340
1401, 4.5138
1402, 4.5141
1403, 4.5126
1404, 4.5123
1405, 4.5123
1406, 4.5126
1407, 4.5135
1408, 4.5129
1409, 4.5117
1410, 4.5134
1411, 4.5131
1412, 4.5139
1413, 4.5136
1414, 4.5132
1415, 4.5121
1416, 4.5125
1417, 4.5125
1418, 4.5126
1419, 4.5147
1420, 4.5149
1421, 4.5131
1422, 4.5116
1423, 4.5123
1424, 4.5123
1425, 4.5134
1426, 4.5125
1427, 4.5127
1428, 4.5140
1429, 4.5125
1430, 4.5128
1431, 4.5134
1432, 4.5132
1433, 4.5128
1434, 4.5119
1435, 4.5128
1436, 4.5131
1437, 4.5126
1438, 4.5128
1439, 4.5120
1440, 4.5113
1441, 4.5115
1442, 4.5123
1443, 4.5141
1444, 4.5124
1445, 4.5127
1446, 4.5132
1447, 4.5123
1448, 4.5117
1449, 4.5135
1450, 4.5133, 0.6411
1451, 4.5128
1452, 4.5125
1453, 4.5134
1454, 4.5126
1455, 4.5135
1456, 4.5133
1457, 4.5132
1458, 4.5122
1459, 4.5120
1460, 4.5128
1461, 4.5132
1462, 4.5125
1463, 4.5114
1464, 4.5111
1465, 4.5113
1466, 4.5111
1467, 4.5120
1468, 4.5119
1469, 4.5113
1470, 4.5122
1471, 4.5119
1472, 4.5120
1473, 4.5117
1474, 4.5127
1475, 4.5128
1476, 4.5120
1477, 4.5124
1478, 4.5135
1479, 4.5125
1480, 4.5127
1481, 4.5128
1482, 4.5125
1483, 4.5123
1484, 4.5118
1485, 4.5118
1486, 4.5123
1487, 4.5109
1488, 4.5120
1489, 4.5112
1490, 4.5127
1491, 4.5134
1492, 4.5127
1493, 4.5114
1494, 4.5110
1495, 4.5114
1496, 4.5117
1497, 4.5103
1498, 4.5111
1499, 4.5122
1500, 4.5125, 0.6453
1501, 4.5145
1502, 4.5129
1503, 4.5127
1504, 4.5117
1505, 4.5121
1506, 4.5121
1507, 4.5116
1508, 4.5107
1509, 4.5121
1510, 4.5122
1511, 4.5119
1512, 4.5117
1513, 4.5118
1514, 4.5114
1515, 4.5111
1516, 4.5117
1517, 4.5126
1518, 4.5125
1519, 4.5118
1520, 4.5124
1521, 4.5112
1522, 4.5113
1523, 4.5113
1524, 4.5109
1525, 4.5121
1526, 4.5116
1527, 4.5113
1528, 4.5112
1529, 4.5109
1530, 4.5106
1531, 4.5114
1532, 4.5107
1533, 4.5108
1534, 4.5109
1535, 4.5117
1536, 4.5101
1537, 4.5106
1538, 4.5103
1539, 4.5114
1540, 4.5118
1541, 4.5116
1542, 4.5102
1543, 4.5102
1544, 4.5110
1545, 4.5110
1546, 4.5101
1547, 4.5105
1548, 4.5110
1549, 4.5115
1550, 4.5116, 0.6446
1551, 4.5112
1552, 4.5105
1553, 4.5094
1554, 4.5113
1555, 4.5109
1556, 4.5113
1557, 4.5104
1558, 4.5106
1559, 4.5108
1560, 4.5111
1561, 4.5104
1562, 4.5107
1563, 4.5095
1564, 4.5102
1565, 4.5100
1566, 4.5106
1567, 4.5101
1568, 4.5117
1569, 4.5103
1570, 4.5124
1571, 4.5112
1572, 4.5126
1573, 4.5125
1574, 4.5102
1575, 4.5109
1576, 4.5115
1577, 4.5116
1578, 4.5113
1579, 4.5107
1580, 4.5104
1581, 4.5112
1582, 4.5109
1583, 4.5115
1584, 4.5123
1585, 4.5111
1586, 4.5111
1587, 4.5106
1588, 4.5103
1589, 4.5097
1590, 4.5108
1591, 4.5104
1592, 4.5099
1593, 4.5103
1594, 4.5095
1595, 4.5103
1596, 4.5099
1597, 4.5100
1598, 4.5100
1599, 4.5121
1600, 4.5114, 0.6479
1601, 4.5099
1602, 4.5095
1603, 4.5103
1604, 4.5116
1605, 4.5118
1606, 4.5102
1607, 4.5107
1608, 4.5089
1609, 4.5112
1610, 4.5105
1611, 4.5106
1612, 4.5106
1613, 4.5094
1614, 4.5103
1615, 4.5096
1616, 4.5100
1617, 4.5098
1618, 4.5102
1619, 4.5103
1620, 4.5101
1621, 4.5106
1622, 4.5113
1623, 4.5116
1624, 4.5116
1625, 4.5115
1626, 4.5106
1627, 4.5097
1628, 4.5104
1629, 4.5111
1630, 4.5098
1631, 4.5097
1632, 4.5101
1633, 4.5107
1634, 4.5116
1635, 4.5110
1636, 4.5118
1637, 4.5110
1638, 4.5100
1639, 4.5094
1640, 4.5099
1641, 4.5109
1642, 4.5110
1643, 4.5096
1644, 4.5095
1645, 4.5089
1646, 4.5099
1647, 4.5098
1648, 4.5097
1649, 4.5106
1650, 4.5107, 0.6497
1651, 4.5104
1652, 4.5106
1653, 4.5113
1654, 4.5118
1655, 4.5097
1656, 4.5096
1657, 4.5107
1658, 4.5108
1659, 4.5104
1660, 4.5096
1661, 4.5110
1662, 4.5107
1663, 4.5108
1664, 4.5103
1665, 4.5096
1666, 4.5093
1667, 4.5100
1668, 4.5109
1669, 4.5101
1670, 4.5111
1671, 4.5103
1672, 4.5109
1673, 4.5115
1674, 4.5101
1675, 4.5102
1676, 4.5106
1677, 4.5098
1678, 4.5099
1679, 4.5096
1680, 4.5099
1681, 4.5096
1682, 4.5094
1683, 4.5105
1684, 4.5099
1685, 4.5104
1686, 4.5092
1687, 4.5095
1688, 4.5099
1689, 4.5105
1690, 4.5107
1691, 4.5102
1692, 4.5091
1693, 4.5099
1694, 4.5101
1695, 4.5097
1696, 4.5108
1697, 4.5102
1698, 4.5099
1699, 4.5111
1700, 4.5110, 0.6535
1701, 4.5097
1702, 4.5093
1703, 4.5092
1704, 4.5099
1705, 4.5098
1706, 4.5092
1707, 4.5098
1708, 4.5090
1709, 4.5088
1710, 4.5091
1711, 4.5097
1712, 4.5103
1713, 4.5091
1714, 4.5095
1715, 4.5098
1716, 4.5093
1717, 4.5099
1718, 4.5095
1719, 4.5099
1720, 4.5105
1721, 4.5099
1722, 4.5101
1723, 4.5099
1724, 4.5102
1725, 4.5100
1726, 4.5104
1727, 4.5095
1728, 4.5090
1729, 4.5093
1730, 4.5090
1731, 4.5092
1732, 4.5086
1733, 4.5092
1734, 4.5094
1735, 4.5093
1736, 4.5091
1737, 4.5094
1738, 4.5095
1739, 4.5087
1740, 4.5086
1741, 4.5101
1742, 4.5097
1743, 4.5092
1744, 4.5085
1745, 4.5088
1746, 4.5085
1747, 4.5082
1748, 4.5087
1749, 4.5092
1750, 4.5088, 0.6568
1751, 4.5088
1752, 4.5102
1753, 4.5088
1754, 4.5089
1755, 4.5087
1756, 4.5099
1757, 4.5089
1758, 4.5091
1759, 4.5089
1760, 4.5092
1761, 4.5101
1762, 4.5095
1763, 4.5083
1764, 4.5097
1765, 4.5091
1766, 4.5092
1767, 4.5081
1768, 4.5091
1769, 4.5092
1770, 4.5096
1771, 4.5089
1772, 4.5087
1773, 4.5091
1774, 4.5089
1775, 4.5088
1776, 4.5108
1777, 4.5100
1778, 4.5106
1779, 4.5088
1780, 4.5081
1781, 4.5085
1782, 4.5084
1783, 4.5103
1784, 4.5098
1785, 4.5086
1786, 4.5086
1787, 4.5088
1788, 4.5087
1789, 4.5087
1790, 4.5092
1791, 4.5098
1792, 4.5104
1793, 4.5094
1794, 4.5105
1795, 4.5085
1796, 4.5099
1797, 4.5096
1798, 4.5099
1799, 4.5094
1800, 4.5100, 0.6563
1801, 4.5093
1802, 4.5085
1803, 4.5095
1804, 4.5093
1805, 4.5097
1806, 4.5092
1807, 4.5093
1808, 4.5091
1809, 4.5092
1810, 4.5087
1811, 4.5079
1812, 4.5082
1813, 4.5087
1814, 4.5096
1815, 4.5084
1816, 4.5096
1817, 4.5081
1818, 4.5085
1819, 4.5094
1820, 4.5103
1821, 4.5091
1822, 4.5091
1823, 4.5086
1824, 4.5093
1825, 4.5086
1826, 4.5090
1827, 4.5088
1828, 4.5082
1829, 4.5081
1830, 4.5087
1831, 4.5084
1832, 4.5075
1833, 4.5088
1834, 4.5083
1835, 4.5075
1836, 4.5079
1837, 4.5084
1838, 4.5075
1839, 4.5084
1840, 4.5080
1841, 4.5070
1842, 4.5088
1843, 4.5081
1844, 4.5087
1845, 4.5081
1846, 4.5082
1847, 4.5074
1848, 4.5091
1849, 4.5093
1850, 4.5096, 0.6594
1851, 4.5081
1852, 4.5085
1853, 4.5091
1854, 4.5086
1855, 4.5085
1856, 4.5084
1857, 4.5071
1858, 4.5086
1859, 4.5086
1860, 4.5090
1861, 4.5088
1862, 4.5089
1863, 4.5091
1864, 4.5085
1865, 4.5091
1866, 4.5095
1867, 4.5086
1868, 4.5078
1869, 4.5087
1870, 4.5084
1871, 4.5082
1872, 4.5091
1873, 4.5084
1874, 4.5082
1875, 4.5087
1876, 4.5081
1877, 4.5078
1878, 4.5084
1879, 4.5088
1880, 4.5077
1881, 4.5082
1882, 4.5081
1883, 4.5082
1884, 4.5076
1885, 4.5086
1886, 4.5086
1887, 4.5092
1888, 4.5086
1889, 4.5084
1890, 4.5087
1891, 4.5085
1892, 4.5087
1893, 4.5084
1894, 4.5088
1895, 4.5084
1896, 4.5091
1897, 4.5087
1898, 4.5093
1899, 4.5081
1900, 4.5086, 0.6609
1901, 4.5081
1902, 4.5079
1903, 4.5091
1904, 4.5087
1905, 4.5091
1906, 4.5097
1907, 4.5082
1908, 4.5076
1909, 4.5077
1910, 4.5080
1911, 4.5079
1912, 4.5082
1913, 4.5081
1914, 4.5077
1915, 4.5095
1916, 4.5079
1917, 4.5089
1918, 4.5095
1919, 4.5082
1920, 4.5074
1921, 4.5080
1922, 4.5078
1923, 4.5082
1924, 4.5074
1925, 4.5085
1926, 4.5074
1927, 4.5069
1928, 4.5089
1929, 4.5087
1930, 4.5081
1931, 4.5082
1932, 4.5076
1933, 4.5086
1934, 4.5087
1935, 4.5079
1936, 4.5091
1937, 4.5084
1938, 4.5084
1939, 4.5092
1940, 4.5088
1941, 4.5076
1942, 4.5069
1943, 4.5080
1944, 4.5081
1945, 4.5091
1946, 4.5082
1947, 4.5080
1948, 4.5099
1949, 4.5086
1950, 4.5076, 0.6615
1951, 4.5080
1952, 4.5074
1953, 4.5077
1954, 4.5090
1955, 4.5085
1956, 4.5075
1957, 4.5079
1958, 4.5069
1959, 4.5079
1960, 4.5079
1961, 4.5074
1962, 4.5079
1963, 4.5077
1964, 4.5083
1965, 4.5083
1966, 4.5083
1967, 4.5086
1968, 4.5077
1969, 4.5080
1970, 4.5078
1971, 4.5085
1972, 4.5083
1973, 4.5085
1974, 4.5072
1975, 4.5080
1976, 4.5080
1977, 4.5075
1978, 4.5072
1979, 4.5073
1980, 4.5077
1981, 4.5081
1982, 4.5078
1983, 4.5076
1984, 4.5083
1985, 4.5079
1986, 4.5086
1987, 4.5089
1988, 4.5079
1989, 4.5080
1990, 4.5082
1991, 4.5079
1992, 4.5080
1993, 4.5070
1994, 4.5075
1995, 4.5068
1996, 4.5075
1997, 4.5076
1998, 4.5075
1999, 4.5074
2000, 4.5086, 0.6646
2001, 4.5084
2002, 4.5073
2003, 4.5083
2004, 4.5083
2005, 4.5082
2006, 4.5079
2007, 4.5067
2008, 4.5080
2009, 4.5081
2010, 4.5086
2011, 4.5074
2012, 4.5083
2013, 4.5088
2014, 4.5075
2015, 4.5080
2016, 4.5085
2017, 4.5069
2018, 4.5078
2019, 4.5081
2020, 4.5076
2021, 4.5082
2022, 4.5068
2023, 4.5071
2024, 4.5074
2025, 4.5082
2026, 4.5072
2027, 4.5082
2028, 4.5066
2029, 4.5073
2030, 4.5071
2031, 4.5070
2032, 4.5070
2033, 4.5081
2034, 4.5085
2035, 4.5090
2036, 4.5076
2037, 4.5073
2038, 4.5084
2039, 4.5083
2040, 4.5076
2041, 4.5083
2042, 4.5091
2043, 4.5076
2044, 4.5078
2045, 4.5076
2046, 4.5080
2047, 4.5073
2048, 4.5079
2049, 4.5077
2050, 4.5075, 0.6630
2051, 4.5080
2052, 4.5080
2053, 4.5080
2054, 4.5071
2055, 4.5090
2056, 4.5078
2057, 4.5080
2058, 4.5079
2059, 4.5072
2060, 4.5082
2061, 4.5077
2062, 4.5084
2063, 4.5079
2064, 4.5066
2065, 4.5082
2066, 4.5079
2067, 4.5082
2068, 4.5068
2069, 4.5078
2070, 4.5089
2071, 4.5076
2072, 4.5080
2073, 4.5082
2074, 4.5072
2075, 4.5076
2076, 4.5068
2077, 4.5083
2078, 4.5072
2079, 4.5081
2080, 4.5072
2081, 4.5063
2082, 4.5082
2083, 4.5073
2084, 4.5075
2085, 4.5073
2086, 4.5080
2087, 4.5076
2088, 4.5074
2089, 4.5081
2090, 4.5078
2091, 4.5072
2092, 4.5075
2093, 4.5066
2094, 4.5083
2095, 4.5072
2096, 4.5074
2097, 4.5062
2098, 4.5070
2099, 4.5074
2100, 4.5088, 0.6640
2101, 4.5074
2102, 4.5075
2103, 4.5074
2104, 4.5071
2105, 4.5069
2106, 4.5074
2107, 4.5077
2108, 4.5076
2109, 4.5075
2110, 4.5072
2111, 4.5069
2112, 4.5071
2113, 4.5072
2114, 4.5078
2115, 4.5071
2116, 4.5071
2117, 4.5071
2118, 4.5070
2119, 4.5069
2120, 4.5069
2121, 4.5077
2122, 4.5071
2123, 4.5063
2124, 4.5080
2125, 4.5067
2126, 4.5071
2127, 4.5073
2128, 4.5068
2129, 4.5074
2130, 4.5067
2131, 4.5060
2132, 4.5064
2133, 4.5067
2134, 4.5064
2135, 4.5066
2136, 4.5073
2137, 4.5067
2138, 4.5067
2139, 4.5070
2140, 4.5072
2141, 4.5079
2142, 4.5063
2143, 4.5077
2144, 4.5068
2145, 4.5067
2146, 4.5073
2147, 4.5061
2148, 4.5059
2149, 4.5065
2150, 4.5066, 0.6648
2151, 4.5079
2152, 4.5065
2153, 4.5067
2154, 4.5065
2155, 4.5066
2156, 4.5078
2157, 4.5072
2158, 4.5071
2159, 4.5070
2160, 4.5069
2161, 4.5077
2162, 4.5070
2163, 4.5075
2164, 4.5064
2165, 4.5072
2166, 4.5071
2167, 4.5062
2168, 4.5068
2169, 4.5071
2170, 4.5061
2171, 4.5066
2172, 4.5058
2173, 4.5071
2174, 4.5065
2175, 4.5075
2176, 4.5074
2177, 4.5074
2178, 4.5071
2179, 4.5059
2180, 4.5069
2181, 4.5070
2182, 4.5062
2183, 4.5079
2184, 4.5066
2185, 4.5071
2186, 4.5072
2187, 4.5067
2188, 4.5070
2189, 4.5067
2190, 4.5070
2191, 4.5075
2192, 4.5072
2193, 4.5071
2194, 4.5068
2195, 4.5069
2196, 4.5071
2197, 4.5073
2198, 4.5064
2199, 4.5065
2200, 4.5068, 0.6677
2201, 4.5068
2202, 4.5070
2203, 4.5070
2204, 4.5069
2205, 4.5063
2206, 4.5064
2207, 4.5066
2208, 4.5071
2209, 4.5062
2210, 4.5068
2211, 4.5050
2212, 4.5061
2213, 4.5062
2214, 4.5062
2215, 4.5059
2216, 4.5062
2217, 4.5067
2218, 4.5069
2219, 4.5073
2220, 4.5076
2221, 4.5062
2222, 4.5071
2223, 4.5059
2224, 4.5059
2225, 4.5060
2226, 4.5070
2227, 4.5063
2228, 4.5055
2229, 4.5061
2230, 4.5071
2231, 4.5067
2232, 4.5064
2233, 4.5060
2234, 4.5065
2235, 4.5066
2236, 4.5063
2237, 4.5068
2238, 4.5068
2239, 4.5069
2240, 4.5071
2241, 4.5061
2242, 4.5060
2243, 4.5058
2244, 4.5055
2245, 4.5057
2246, 4.5076
2247, 4.5062
2248, 4.5059
2249, 4.5060
2250, 4.5063, 0.6691
2251, 4.5054
2252, 4.5067
2253, 4.5061
2254, 4.5065
2255, 4.5060
2256, 4.5068
2257, 4.5072
2258, 4.5066
2259, 4.5064
2260, 4.5067
2261, 4.5062
2262, 4.5074
2263, 4.5064
2264, 4.5061
2265, 4.5075
2266, 4.5073
2267, 4.5067
2268, 4.5079
2269, 4.5069
2270, 4.5062
2271, 4.5063
2272, 4.5065
2273, 4.5072
2274, 4.5063
2275, 4.5065
2276, 4.5067
2277, 4.5065
2278, 4.5064
2279, 4.5061
2280, 4.5061
2281, 4.5068
2282, 4.5069
2283, 4.5067
2284, 4.5065
2285, 4.5059
2286, 4.5055
2287, 4.5069
2288, 4.5061
2289, 4.5068
2290, 4.5059
2291, 4.5082
2292, 4.5071
2293, 4.5067
2294, 4.5068
2295, 4.5068
2296, 4.5063
2297, 4.5064
2298, 4.5073
2299, 4.5073
2300, 4.5079, 0.6658
2301, 4.5073
2302, 4.5072
2303, 4.5068
2304, 4.5073
2305, 4.5070
2306, 4.5077
2307, 4.5066
2308, 4.5065
2309, 4.5078
2310, 4.5068
2311, 4.5073
2312, 4.5073
2313, 4.5060
2314, 4.5065
2315, 4.5059
2316, 4.5063
2317, 4.5068
2318, 4.5075
2319, 4.5068
2320, 4.5064
2321, 4.5059
2322, 4.5064
2323, 4.5069
2324, 4.5070
2325, 4.5075
2326, 4.5065
2327, 4.5065
2328, 4.5070
2329, 4.5059
2330, 4.5059
2331, 4.5064
2332, 4.5056
2333, 4.5061
2334, 4.5063
2335, 4.5069
2336, 4.5071
2337, 4.5067
2338, 4.5064
2339, 4.5064
2340, 4.5062
2341, 4.5072
2342, 4.5067
2343, 4.5059
2344, 4.5065
2345, 4.5071
2346, 4.5064
2347, 4.5070
2348, 4.5057
2349, 4.5069
2350, 4.5054, 0.6707
2351, 4.5064
2352, 4.5068
2353, 4.5066
2354, 4.5057
2355, 4.5061
2356, 4.5066
2357, 4.5065
2358, 4.5059
2359, 4.5066
2360, 4.5060
2361, 4.5059
2362, 4.5049
2363, 4.5056
2364, 4.5063
2365, 4.5065
2366, 4.5059
2367, 4.5057
2368, 4.5059
2369, 4.5060
2370, 4.5065
2371, 4.5062
2372, 4.5057
2373, 4.5059
2374, 4.5064
2375, 4.5055
2376, 4.5066
2377, 4.5050
2378, 4.5073
2379, 4.5060
2380, 4.5063
2381, 4.5065
2382, 4.5062
2383, 4.5071
2384, 4.5065
2385, 4.5071
2386, 4.5070
2387, 4.5059
2388, 4.5059
2389, 4.5064
2390, 4.5064
2391, 4.5064
2392, 4.5062
2393, 4.5058
2394, 4.5056
2395, 4.5052
2396, 4.5057
2397, 4.5051
2398, 4.5060
2399, 4.5055
2400, 4.5054, 0.6738
2401, 4.5058
2402, 4.5064
2403, 4.5051
2404, 4.5058
2405, 4.5061
2406, 4.5059
2407, 4.5068
2408, 4.5055
2409, 4.5068
2410, 4.5059
2411, 4.5063
2412, 4.5063
2413, 4.5059
2414, 4.5057
2415, 4.5056
2416, 4.5062
2417, 4.5062
2418, 4.5057
2419, 4.5055
2420, 4.5060
2421, 4.5055
2422, 4.5055
2423, 4.5067
2424, 4.5057
2425, 4.5062
2426, 4.5059
2427, 4.5061
2428, 4.5057
2429, 4.5050
2430, 4.5055
2431, 4.5067
2432, 4.5057
2433, 4.5066
2434, 4.5067
2435, 4.5059
2436, 4.5063
2437, 4.5072
2438, 4.5073
2439, 4.5055
2440, 4.5062
2441, 4.5063
2442, 4.5070
2443, 4.5063
2444, 4.5069
2445, 4.5064
2446, 4.5052
2447, 4.5055
2448, 4.5053
2449, 4.5055
2450, 4.5049, 0.6703
2451, 4.5054
2452, 4.5061
2453, 4.5058
2454, 4.5062
2455, 4.5060
2456, 4.5064
2457, 4.5055
2458, 4.5059
2459, 4.5055
2460, 4.5060
2461, 4.5050
2462, 4.5055
2463, 4.5060
2464, 4.5053
2465, 4.5059
2466, 4.5049
2467, 4.5061
2468, 4.5053
2469, 4.5065
2470, 4.5066
2471, 4.5069
2472, 4.5064
2473, 4.5060
2474, 4.5069
2475, 4.5058
2476, 4.5067
2477, 4.5062
2478, 4.5059
2479, 4.5057
2480, 4.5060
2481, 4.5064
2482, 4.5062
2483, 4.5055
2484, 4.5065
2485, 4.5065
2486, 4.5063
2487, 4.5056
2488, 4.5063
2489, 4.5060
2490, 4.5062
2491, 4.5061
2492, 4.5058
2493, 4.5062
2494, 4.5062
2495, 4.5062
2496, 4.5060
2497, 4.5058
2498, 4.5059
2499, 4.5061
2500, 4.5058, 0.6728
2501, 4.5063
2502, 4.5068
2503, 4.5055
2504, 4.5061
2505, 4.5057
2506, 4.5057
2507, 4.5054
2508, 4.5057
2509, 4.5057
2510, 4.5056
2511, 4.5054
2512, 4.5066
2513, 4.5053
2514, 4.5069
2515, 4.5058
2516, 4.5065
2517, 4.5060
2518, 4.5062
2519, 4.5067
2520, 4.5054
2521, 4.5057
2522, 4.5055
2523, 4.5052
2524, 4.5067
2525, 4.5064
2526, 4.5053
2527, 4.5052
2528, 4.5068
2529, 4.5060
2530, 4.5066
2531, 4.5055
2532, 4.5065
2533, 4.5056
2534, 4.5059
2535, 4.5060
2536, 4.5050
2537, 4.5056
2538, 4.5066
2539, 4.5049
2540, 4.5063
2541, 4.5056
2542, 4.5063
2543, 4.5058
2544, 4.5059
2545, 4.5057
2546, 4.5062
2547, 4.5065
2548, 4.5061
2549, 4.5052
2550, 4.5063, 0.6763
2551, 4.5064
2552, 4.5069
2553, 4.5056
2554, 4.5068
2555, 4.5065
2556, 4.5055
2557, 4.5062
2558, 4.5053
2559, 4.5065
2560, 4.5060
2561, 4.5062
2562, 4.5062
2563, 4.5062
2564, 4.5058
2565, 4.5060
2566, 4.5060
2567, 4.5061
2568, 4.5068
2569, 4.5066
2570, 4.5060
2571, 4.5059
2572, 4.5055
2573, 4.5058
2574, 4.5056
2575, 4.5051
2576, 4.5064
2577, 4.5059
2578, 4.5051
2579, 4.5051
2580, 4.5059
2581, 4.5048
2582, 4.5062
2583, 4.5056
2584, 4.5052
2585, 4.5053
2586, 4.5064
2587, 4.5063
2588, 4.5058
2589, 4.5061
2590, 4.5060
2591, 4.5053
2592, 4.5059
2593, 4.5061
2594, 4.5051
2595, 4.5055
2596, 4.5061
2597, 4.5055
2598, 4.5068
2599, 4.5066
2600, 4.5062, 0.6748
2601, 4.5057
2602, 4.5057
2603, 4.5051
2604, 4.5052
2605, 4.5061
2606, 4.5059
2607, 4.5054
2608, 4.5058
2609, 4.5058
2610, 4.5056
2611, 4.5054
2612, 4.5057
2613, 4.5054
2614, 4.5047
2615, 4.5056
2616, 4.5051
2617, 4.5051
2618, 4.5059
2619, 4.5055
2620, 4.5061
2621, 4.5066
2622, 4.5059
2623, 4.5060
2624, 4.5057
2625, 4.5054
2626, 4.5069
2627, 4.5068
2628, 4.5049
2629, 4.5067
2630, 4.5056
2631, 4.5053
2632, 4.5054
2633, 4.5056
2634, 4.5051
2635, 4.5050
2636, 4.5052
2637, 4.5051
2638, 4.5050
2639, 4.5059
2640, 4.5055
2641, 4.5053
2642, 4.5060
2643, 4.5067
2644, 4.5054
2645, 4.5050
2646, 4.5063
2647, 4.5054
2648, 4.5056
2649, 4.5052
2650, 4.5048, 0.6747
2651, 4.5057
2652, 4.5052
2653, 4.5058
2654, 4.5070
2655, 4.5059
2656, 4.5062
2657, 4.5054
2658, 4.5054
2659, 4.5054
2660, 4.5060
2661, 4.5064
2662, 4.5053
2663, 4.5053
2664, 4.5048
2665, 4.5053
2666, 4.5050
2667, 4.5055
2668, 4.5049
2669, 4.5065
2670, 4.5050
2671, 4.5054
2672, 4.5047
2673, 4.5053
2674, 4.5051
2675, 4.5054
2676, 4.5049
2677, 4.5055
2678, 4.5069
2679, 4.5052
2680, 4.5052
2681, 4.5051
2682, 4.5050
2683, 4.5049
2684, 4.5055
2685, 4.5052
2686, 4.5054
2687, 4.5051
2688, 4.5053
2689, 4.5057
2690, 4.5050
2691, 4.5054
2692, 4.5063
2693, 4.5068
2694, 4.5053
2695, 4.5048
2696, 4.5048
2697, 4.5049
2698, 4.5046
2699, 4.5049
2700, 4.5049, 0.6787
2701, 4.5050
2702, 4.5050
2703, 4.5056
2704, 4.5052
2705, 4.5047
2706, 4.5054
2707, 4.5053
2708, 4.5047
2709, 4.5051
2710, 4.5048
2711, 4.5052
2712, 4.5049
2713, 4.5051
2714, 4.5047
2715, 4.5050
2716, 4.5059
2717, 4.5054
2718, 4.5055
2719, 4.5052
2720, 4.5054
2721, 4.5058
2722, 4.5052
2723, 4.5049
2724, 4.5054
2725, 4.5050
2726, 4.5054
2727, 4.5059
2728, 4.5050
2729, 4.5061
2730, 4.5065
2731, 4.5050
2732, 4.5052
2733, 4.5054
2734, 4.5052
2735, 4.5066
2736, 4.5048
2737, 4.5064
2738, 4.5054
2739, 4.5048
2740, 4.5055
2741, 4.5062
2742, 4.5053
2743, 4.5055
2744, 4.5053
2745, 4.5051
2746, 4.5054
2747, 4.5053
2748, 4.5052
2749, 4.5050
2750, 4.5058, 0.6797
2751, 4.5050
2752, 4.5050
2753, 4.5050
2754, 4.5045
2755, 4.5048
2756, 4.5048
2757, 4.5048
2758, 4.5052
2759, 4.5049
2760, 4.5053
2761, 4.5043
2762, 4.5049
2763, 4.5059
2764, 4.5053
2765, 4.5063
2766, 4.5052
2767, 4.5046
2768, 4.5055
2769, 4.5049
2770, 4.5050
2771, 4.5055
2772, 4.5054
2773, 4.5064
2774, 4.5059
2775, 4.5051
2776, 4.5045
2777, 4.5055
2778, 4.5053
2779, 4.5052
2780, 4.5048
2781, 4.5056
2782, 4.5060
2783, 4.5052
2784, 4.5055
2785, 4.5041
2786, 4.5058
2787, 4.5048
2788, 4.5061
2789, 4.5048
2790, 4.5054
2791, 4.5053
2792, 4.5050
2793, 4.5045
2794, 4.5057
2795, 4.5051
2796, 4.5057
2797, 4.5052
2798, 4.5051
2799, 4.5048
2800, 4.5058, 0.6765
2801, 4.5048
2802, 4.5049
2803, 4.5046
2804, 4.5047
2805, 4.5055
2806, 4.5060
2807, 4.5057
2808, 4.5054
2809, 4.5044
2810, 4.5043
2811, 4.5051
2812, 4.5047
2813, 4.5051
2814, 4.5048
2815, 4.5055
2816, 4.5055
2817, 4.5049
2818, 4.5048
2819, 4.5052
2820, 4.5049
2821, 4.5055
2822, 4.5040
2823, 4.5044
2824, 4.5047
2825, 4.5051
2826, 4.5049
2827, 4.5059
2828, 4.5048
2829, 4.5054
2830, 4.5053
2831, 4.5048
2832, 4.5052
2833, 4.5042
2834, 4.5045
2835, 4.5043
2836, 4.5044
2837, 4.5049
2838, 4.5049
2839, 4.5053
2840, 4.5047
2841, 4.5045
2842, 4.5047
2843, 4.5054
2844, 4.5047
2845, 4.5052
2846, 4.5048
2847, 4.5054
2848, 4.5046
2849, 4.5055
2850, 4.5056, 0.6790
2851, 4.5057
2852, 4.5048
2853, 4.5046
2854, 4.5051
2855, 4.5052
2856, 4.5055
2857, 4.5053
2858, 4.5049
2859, 4.5052
2860, 4.5052
2861, 4.5049
2862, 4.5061
2863, 4.5047
2864, 4.5046
2865, 4.5052
2866, 4.5047
2867, 4.5054
2868, 4.5058
2869, 4.5055
2870, 4.5055
2871, 4.5048
2872, 4.5057
2873, 4.5061
2874, 4.5057
2875, 4.5057
2876, 4.5056
2877, 4.5047
2878, 4.5050
2879, 4.5050
2880, 4.5058
2881, 4.5051
2882, 4.5049
2883, 4.5037
2884, 4.5055
2885, 4.5052
2886, 4.5049
2887, 4.5046
2888, 4.5057
2889, 4.5054
2890, 4.5059
2891, 4.5050
2892, 4.5049
2893, 4.5050
2894, 4.5054
2895, 4.5040
2896, 4.5052
2897, 4.5057
2898, 4.5053
2899, 4.5053
2900, 4.5050, 0.6775
2901, 4.5043
2902, 4.5042
2903, 4.5043
2904, 4.5058
2905, 4.5050
2906, 4.5056
2907, 4.5052
2908, 4.5056
2909, 4.5054
2910, 4.5047
2911, 4.5056
2912, 4.5056
2913, 4.5049
2914, 4.5045
2915, 4.5046
2916, 4.5046
2917, 4.5046
2918, 4.5055
2919, 4.5042
2920, 4.5049
2921, 4.5055
2922, 4.5050
2923, 4.5046
2924, 4.5052
2925, 4.5050
2926, 4.5058
2927, 4.5045
2928, 4.5049
2929, 4.5044
2930, 4.5053
2931, 4.5055
2932, 4.5056
2933, 4.5061
2934, 4.5050
2935, 4.5064
2936, 4.5050
2937, 4.5045
2938, 4.5046
2939, 4.5053
2940, 4.5053
2941, 4.5049
2942, 4.5046
2943, 4.5048
2944, 4.5051
2945, 4.5053
2946, 4.5056
2947, 4.5059
2948, 4.5044
2949, 4.5049
2950, 4.5044, 0.6776
2951, 4.5048
2952, 4.5047
2953, 4.5043
2954, 4.5050
2955, 4.5056
2956, 4.5040
2957, 4.5052
2958, 4.5039
2959, 4.5050
2960, 4.5057
2961, 4.5049
2962, 4.5050
2963, 4.5049
2964, 4.5040
2965, 4.5048
2966, 4.5048
2967, 4.5054
2968, 4.5056
2969, 4.5050
2970, 4.5051
2971, 4.5047
2972, 4.5049
2973, 4.5049
2974, 4.5047
2975, 4.5045
2976, 4.5043
2977, 4.5043
2978, 4.5049
2979, 4.5049
2980, 4.5049
2981, 4.5050
2982, 4.5048
2983, 4.5047
2984, 4.5052
2985, 4.5051
2986, 4.5060
2987, 4.5044
2988, 4.5050
2989, 4.5053
2990, 4.5044
2991, 4.5046
2992, 4.5044
2993, 4.5047
2994, 4.5052
2995, 4.5056
2996, 4.5050
2997, 4.5051
2998, 4.5044
2999, 4.5056
3000, 4.5049, 0.6769
3001, 4.5045
3002, 4.5051
3003, 4.5043
3004, 4.5048
3005, 4.5059
3006, 4.5045
3007, 4.5052
3008, 4.5061
3009, 4.5054
3010, 4.5045
3011, 4.5042
3012, 4.5055
3013, 4.5042
3014, 4.5047
3015, 4.5052
3016, 4.5046
3017, 4.5051
3018, 4.5045
3019, 4.5038
3020, 4.5042
3021, 4.5048
3022, 4.5046
3023, 4.5038
3024, 4.5046
3025, 4.5045
3026, 4.5048
3027, 4.5052
3028, 4.5049
3029, 4.5050
3030, 4.5058
3031, 4.5045
3032, 4.5038
3033, 4.5050
3034, 4.5046
3035, 4.5038
3036, 4.5044
3037, 4.5042
3038, 4.5053
3039, 4.5049
3040, 4.5049
3041, 4.5049
3042, 4.5053
3043, 4.5049
3044, 4.5044
3045, 4.5049
3046, 4.5041
3047, 4.5052
3048, 4.5049
3049, 4.5053
3050, 4.5050, 0.6787
3051, 4.5057
3052, 4.5049
3053, 4.5041
3054, 4.5053
3055, 4.5050
3056, 4.5044
3057, 4.5049
3058, 4.5049
3059, 4.5054
3060, 4.5047
3061, 4.5053
3062, 4.5047
3063, 4.5037
3064, 4.5049
3065, 4.5047
3066, 4.5055
3067, 4.5044
3068, 4.5052
3069, 4.5049
3070, 4.5042
3071, 4.5052
3072, 4.5038
3073, 4.5043
3074, 4.5052
3075, 4.5046
3076, 4.5052
3077, 4.5055
3078, 4.5046
3079, 4.5049
3080, 4.5044
3081, 4.5055
3082, 4.5053
3083, 4.5049
3084, 4.5061
3085, 4.5051
3086, 4.5050
3087, 4.5046
3088, 4.5045
3089, 4.5043
3090, 4.5048
3091, 4.5055
3092, 4.5049
3093, 4.5054
3094, 4.5041
3095, 4.5051
3096, 4.5051
3097, 4.5046
3098, 4.5046
3099, 4.5048
3100, 4.5048, 0.6799
3101, 4.5050
3102, 4.5047
3103, 4.5048
3104, 4.5055
3105, 4.5053
3106, 4.5055
3107, 4.5061
3108, 4.5053
3109, 4.5045
3110, 4.5043
3111, 4.5052
3112, 4.5050
3113, 4.5044
3114, 4.5062
3115, 4.5040
3116, 4.5044
3117, 4.5049
3118, 4.5040
3119, 4.5039
3120, 4.5041
3121, 4.5055
3122, 4.5048
3123, 4.5053
3124, 4.5042
3125, 4.5045
3126, 4.5049
3127, 4.5041
3128, 4.5045
3129, 4.5050
3130, 4.5044
3131, 4.5049
3132, 4.5046
3133, 4.5041
3134, 4.5049
3135, 4.5051
3136, 4.5052
3137, 4.5041
3138, 4.5041
3139, 4.5048
3140, 4.5045
3141, 4.5043
3142, 4.5047
3143, 4.5050
3144, 4.5036
3145, 4.5045
3146, 4.5047
3147, 4.5044
3148, 4.5034
3149, 4.5043
3150, 4.5056, 0.6795
3151, 4.5050
3152, 4.5046
3153, 4.5050
3154, 4.5046
3155, 4.5040
3156, 4.5045
3157, 4.5039
3158, 4.5045
3159, 4.5045
3160, 4.5047
3161, 4.5042
3162, 4.5048
3163, 4.5052
3164, 4.5055
3165, 4.5046
3166, 4.5048
3167, 4.5053
3168, 4.5050
3169, 4.5047
3170, 4.5040
3171, 4.5050
3172, 4.5037
3173, 4.5050
3174, 4.5047
3175, 4.5045
3176, 4.5046
3177, 4.5046
3178, 4.5049
3179, 4.5054
3180, 4.5046
3181, 4.5037
3182, 4.5048
3183, 4.5044
3184, 4.5047
3185, 4.5047
3186, 4.5035
3187, 4.5048
3188, 4.5047
3189, 4.5053
3190, 4.5045
3191, 4.5049
3192, 4.5042
3193, 4.5041
3194, 4.5040
3195, 4.5043
3196, 4.5042
3197, 4.5040
3198, 4.5054
3199, 4.5041
3200, 4.5047, 0.6799
3201, 4.5041
3202, 4.5047
3203, 4.5039
3204, 4.5046
3205, 4.5047
3206, 4.5047
3207, 4.5043
3208, 4.5040
3209, 4.5040
3210, 4.5049
3211, 4.5049
3212, 4.5044
3213, 4.5040
3214, 4.5044
3215, 4.5039
3216, 4.5043
3217, 4.5040
3218, 4.5045
3219, 4.5043
3220, 4.5044
3221, 4.5047
3222, 4.5041
3223, 4.5059
3224, 4.5041
3225, 4.5040
3226, 4.5040
3227, 4.5047
3228, 4.5042
3229, 4.5040
3230, 4.5053
3231, 4.5042
3232, 4.5046
3233, 4.5052
3234, 4.5048
3235, 4.5047
3236, 4.5053
3237, 4.5041
3238, 4.5038
3239, 4.5046
3240, 4.5055
3241, 4.5041
3242, 4.5057
3243, 4.5049
3244, 4.5042
3245, 4.5043
3246, 4.5042
3247, 4.5050
3248, 4.5054
3249, 4.5049
3250, 4.5044, 0.6820
3251, 4.5049
3252, 4.5046
3253, 4.5052
3254, 4.5037
3255, 4.5041
3256, 4.5041
3257, 4.5042
3258, 4.5044
3259, 4.5048
3260, 4.5035
3261, 4.5047
3262, 4.5043
3263, 4.5041
3264, 4.5047
3265, 4.5048
3266, 4.5048
3267, 4.5051
3268, 4.5046
3269, 4.5046
3270, 4.5048
3271, 4.5039
3272, 4.5043
3273, 4.5054
3274, 4.5041
3275, 4.5042
3276, 4.5042
3277, 4.5039
3278, 4.5046
3279, 4.5040
3280, 4.5046
3281, 4.5044
3282, 4.5041
3283, 4.5034
3284, 4.5044
3285, 4.5040
3286, 4.5045
3287, 4.5045
3288, 4.5040
3289, 4.5045
3290, 4.5042
3291, 4.5041
3292, 4.5047
3293, 4.5047
3294, 4.5054
3295, 4.5048
3296, 4.5039
3297, 4.5042
3298, 4.5039
3299, 4.5045
3300, 4.5047, 0.6828
3301, 4.5041
3302, 4.5045
3303, 4.5038
3304, 4.5044
3305, 4.5042
3306, 4.5041
3307, 4.5043
3308, 4.5037
3309, 4.5033
3310, 4.5036
3311, 4.5041
3312, 4.5043
3313, 4.5044
3314, 4.5045
3315, 4.5047
3316, 4.5043
3317, 4.5048
3318, 4.5050
3319, 4.5046
3320, 4.5047
3321, 4.5060
3322, 4.5040
3323, 4.5048
3324, 4.5044
3325, 4.5039
3326, 4.5035
3327, 4.5042
3328, 4.5044
3329, 4.5050
3330, 4.5051
3331, 4.5041
3332, 4.5037
3333, 4.5045
3334, 4.5049
3335, 4.5044
3336, 4.5055
3337, 4.5042
3338, 4.5037
3339, 4.5033
3340, 4.5033
3341, 4.5042
3342, 4.5039
3343, 4.5045
3344, 4.5042
3345, 4.5039
3346, 4.5042
3347, 4.5045
3348, 4.5043
3349, 4.5064
3350, 4.5037, 0.6815
3351, 4.5040
3352, 4.5045
3353, 4.5034
3354, 4.5050
3355, 4.5048
3356, 4.5044
3357, 4.5058
3358, 4.5041
3359, 4.5048
3360, 4.5035
3361, 4.5052
3362, 4.5050
3363, 4.5039
3364, 4.5042
3365, 4.5042
3366, 4.5044
3367, 4.5040
3368, 4.5048
3369, 4.5038
3370, 4.5045
3371, 4.5043
3372, 4.5047
3373, 4.5039
3374, 4.5047
3375, 4.5047
3376, 4.5051
3377, 4.5052
3378, 4.5050
3379, 4.5047
3380, 4.5048
3381, 4.5045
3382, 4.5046
3383, 4.5045
3384, 4.5042
3385, 4.5047
3386, 4.5047
3387, 4.5038
3388, 4.5045
3389, 4.5044
3390, 4.5039
3391, 4.5043
3392, 4.5035
3393, 4.5040
3394, 4.5041
3395, 4.5044
3396, 4.5043
3397, 4.5038
3398, 4.5036
3399, 4.5049
3400, 4.5044, 0.6816
3401, 4.5037
3402, 4.5044
3403, 4.5041
3404, 4.5048
3405, 4.5040
3406, 4.5049
3407, 4.5046
3408, 4.5039
3409, 4.5040
3410, 4.5038
3411, 4.5040
3412, 4.5041
3413, 4.5049
3414, 4.5043
3415, 4.5049
3416, 4.5045
3417, 4.5045
3418, 4.5044
3419, 4.5043
3420, 4.5049
3421, 4.5039
3422, 4.5046
3423, 4.5053
3424, 4.5044
3425, 4.5052
3426, 4.5045
3427, 4.5043
3428, 4.5047
3429, 4.5040
3430, 4.5039
3431, 4.5039
3432, 4.5044
3433, 4.5037
3434, 4.5038
3435, 4.5037
3436, 4.5040
3437, 4.5042
3438, 4.5043
3439, 4.5039
3440, 4.5050
3441, 4.5041
3442, 4.5039
3443, 4.5050
3444, 4.5051
3445, 4.5043
3446, 4.5045
3447, 4.5044
3448, 4.5044
3449, 4.5043
3450, 4.5035, 0.6826
3451, 4.5039
3452, 4.5044
3453, 4.5049
3454, 4.5038
3455, 4.5041
3456, 4.5032
3457, 4.5043
3458, 4.5036
3459, 4.5046
3460, 4.5041
3461, 4.5039
3462, 4.5032
3463, 4.5043
3464, 4.5038
3465, 4.5039
3466, 4.5036
3467, 4.5048
3468, 4.5048
3469, 4.5044
3470, 4.5046
3471, 4.5045
3472, 4.5048
3473, 4.5048
3474, 4.5048
3475, 4.5041
3476, 4.5044
3477, 4.5047
3478, 4.5049
3479, 4.5048
3480, 4.5042
3481, 4.5038
3482, 4.5032
3483, 4.5039
3484, 4.5059
3485, 4.5034
3486, 4.5039
3487, 4.5047
3488, 4.5041
3489, 4.5038
3490, 4.5044
